2026-07-17 21:06:05 [INFO] c.t.t.TurnosmartBackendApplication - Starting TurnosmartBackendApplication using Java 21.0.11 with PID 16784 (C:\Users\gean1\Downloads\turnosmart_backend\target\classes started by gean1 in C:\Users\gean1\Downloads\turnosmart_backend)
2026-07-17 21:06:05 [DEBUG] c.t.t.TurnosmartBackendApplication - Running with Spring Boot v3.4.1, Spring v6.2.1
2026-07-17 21:06:05 [INFO] c.t.t.TurnosmartBackendApplication - No active profile set, falling back to 1 default profile: "default"
2026-07-17 21:06:08 [INFO] o.s.d.r.c.RepositoryConfigurationDelegate - Bootstrapping Spring Data JPA repositories in DEFAULT mode.
2026-07-17 21:06:08 [INFO] o.s.d.r.c.RepositoryConfigurationDelegate - Finished Spring Data repository scanning in 295 ms. Found 8 JPA repository interfaces.
2026-07-17 21:06:10 [INFO] o.s.b.w.e.tomcat.TomcatWebServer - Tomcat initialized with port 8080 (http)
2026-07-17 21:06:10 [INFO] o.a.catalina.core.StandardService - Starting service [Tomcat]
2026-07-17 21:06:10 [INFO] o.a.catalina.core.StandardEngine - Starting Servlet engine: [Apache Tomcat/10.1.34]
2026-07-17 21:06:10 [INFO] o.a.c.c.C.[Tomcat].[localhost].[/] - Initializing Spring embedded WebApplicationContext
2026-07-17 21:06:10 [INFO] o.s.b.w.s.c.ServletWebServerApplicationContext - Root WebApplicationContext: initialization completed in 4851 ms
2026-07-17 21:06:11 [INFO] o.h.jpa.internal.util.LogHelper - HHH000204: Processing PersistenceUnitInfo [name: default]
2026-07-17 21:06:11 [INFO] org.hibernate.Version - HHH000412: Hibernate ORM core version 6.6.4.Final
2026-07-17 21:06:11 [INFO] o.h.c.i.RegionFactoryInitiator - HHH000026: Second-level cache disabled
2026-07-17 21:06:13 [INFO] o.s.o.j.p.SpringPersistenceUnitInfo - No LoadTimeWeaver setup: ignoring JPA class transformer
2026-07-17 21:06:13 [INFO] com.zaxxer.hikari.HikariDataSource - HikariPool-1 - Starting...
2026-07-17 21:06:14 [INFO] com.zaxxer.hikari.pool.HikariPool - HikariPool-1 - Added connection com.mysql.cj.jdbc.ConnectionImpl@32a033b6
2026-07-17 21:06:14 [INFO] com.zaxxer.hikari.HikariDataSource - HikariPool-1 - Start completed.
2026-07-17 21:06:14 [INFO] o.hibernate.orm.connections.pooling - HHH10001005: Database info:
	Database JDBC URL [Connecting through datasource 'HikariDataSource (HikariPool-1)']
	Database driver: undefined/unknown
	Database version: 8.0.45
	Autocommit mode: undefined/unknown
	Isolation level: undefined/unknown
	Minimum pool size: undefined/unknown
	Maximum pool size: undefined/unknown
2026-07-17 21:06:19 [INFO] o.h.e.t.j.p.i.JtaPlatformInitiator - HHH000489: No JTA platform available (set 'hibernate.transaction.jta.platform' to enable JTA platform integration)
2026-07-17 21:06:19 [INFO] o.s.o.j.LocalContainerEntityManagerFactoryBean - Initialized JPA EntityManagerFactory for persistence unit 'default'
2026-07-17 21:06:20 [INFO] o.s.d.j.r.query.QueryEnhancerFactory - Hibernate is in classpath; If applicable, HQL parser will be used.
2026-07-17 21:06:23 [WARN] o.s.b.a.o.j.JpaBaseConfiguration$JpaWebConfiguration - spring.jpa.open-in-view is enabled by default. Therefore, database queries may be performed during view rendering. Explicitly configure spring.jpa.open-in-view to disable this warning
2026-07-17 21:06:24 [INFO] o.s.b.w.e.tomcat.TomcatWebServer - Tomcat started on port 8080 (http) with context path '/'
2026-07-17 21:06:24 [INFO] c.t.t.TurnosmartBackendApplication - Started TurnosmartBackendApplication in 19.86 seconds (process running for 21.206)
2026-07-17 21:06:40 [INFO] o.a.c.c.C.[Tomcat].[localhost].[/] - Initializing Spring DispatcherServlet 'dispatcherServlet'
2026-07-17 21:06:40 [INFO] o.s.web.servlet.DispatcherServlet - Initializing Servlet 'dispatcherServlet'
2026-07-17 21:06:40 [INFO] o.s.web.servlet.DispatcherServlet - Completed initialization in 2 ms
2026-07-17 21:16:50 [INFO] o.s.b.w.e.tomcat.GracefulShutdown - Commencing graceful shutdown. Waiting for active requests to complete
2026-07-17 21:16:50 [INFO] o.s.b.w.e.tomcat.GracefulShutdown - Graceful shutdown complete
2026-07-17 21:16:50 [INFO] o.s.o.j.LocalContainerEntityManagerFactoryBean - Closing JPA EntityManagerFactory for persistence unit 'default'
2026-07-17 21:16:50 [INFO] com.zaxxer.hikari.HikariDataSource - HikariPool-1 - Shutdown initiated...
2026-07-17 21:16:50 [INFO] com.zaxxer.hikari.HikariDataSource - HikariPool-1 - Shutdown completed.
